{
  "stats": {
    "suites": 6,
    "tests": 12,
    "passes": 12,
    "pending": 0,
    "failures": 0,
    "start": "2024-11-29T17:43:18.338Z",
    "end": "2024-11-29T17:43:18.358Z",
    "duration": 20,
    "testsRegistered": 12,
    "passPercent": 100,
    "pendingPercent": 0,
    "other": 0,
    "hasOther": false,
    "skipped": 0,
    "hasSkipped": false
  },
  "results": [
    {
      "uuid": "1168c92f-d19f-4b3a-b728-6d6421626d82",
      "title": "",
      "fullFile": "C:\\Users\\karls junnior\\Downloads\\EMDS_exam\\test\\exam.test.js",
      "file": "\\test\\exam.test.js",
      "beforeHooks": [],
      "afterHooks": [],
      "tests": [],
      "suites": [
        {
          "uuid": "19adcd00-8f67-433a-9867-087ff8ca1d90",
          "title": "Pruebas de funciones con variables simuladas",
          "fullFile": "C:\\Users\\karls junnior\\Downloads\\EMDS_exam\\test\\exam.test.js",
          "file": "\\test\\exam.test.js",
          "beforeHooks": [],
          "afterHooks": [],
          "tests": [],
          "suites": [
            {
              "uuid": "aadd8b6e-cd96-4b13-af7a-bccddb9f7a96",
              "title": "cubo",
              "fullFile": "C:\\Users\\karls junnior\\Downloads\\EMDS_exam\\test\\exam.test.js",
              "file": "\\test\\exam.test.js",
              "beforeHooks": [],
              "afterHooks": [],
              "tests": [
                {
                  "title": "debería elevar un número positivo al cubo",
                  "fullTitle": "Pruebas de funciones con variables simuladas cubo debería elevar un número positivo al cubo",
                  "timedOut": false,
                  "duration": 1,
                  "state": "passed",
                  "speed": "fast",
                  "pass": true,
                  "fail": false,
                  "pending": false,
                  "context": null,
                  "code": "const resultado = await exam.cubo(3);\nexpect(resultado).to.equal(27);",
                  "err": {},
                  "uuid": "1d1f1912-b282-4add-9584-3dd3a34c4811",
                  "parentUUID": "aadd8b6e-cd96-4b13-af7a-bccddb9f7a96",
                  "isHook": false,
                  "skipped": false
                },
                {
                  "title": "debería elevar un número negativo al cubo",
                  "fullTitle": "Pruebas de funciones con variables simuladas cubo debería elevar un número negativo al cubo",
                  "timedOut": false,
                  "duration": 0,
                  "state": "passed",
                  "speed": "fast",
                  "pass": true,
                  "fail": false,
                  "pending": false,
                  "context": null,
                  "code": "const resultado = await exam.cubo(-2);\nexpect(resultado).to.equal(-8);",
                  "err": {},
                  "uuid": "b3783682-8814-4d04-9500-5ad39c7f61db",
                  "parentUUID": "aadd8b6e-cd96-4b13-af7a-bccddb9f7a96",
                  "isHook": false,
                  "skipped": false
                }
              ],
              "suites": [],
              "passes": [
                "1d1f1912-b282-4add-9584-3dd3a34c4811",
                "b3783682-8814-4d04-9500-5ad39c7f61db"
              ],
              "failures": [],
              "pending": [],
              "skipped": [],
              "duration": 1,
              "root": false,
              "rootEmpty": false,
              "_timeout": 2000
            },
            {
              "uuid": "f24a4d4a-9feb-4460-befa-25fcfc695d4b",
              "title": "esImpar",
              "fullFile": "C:\\Users\\karls junnior\\Downloads\\EMDS_exam\\test\\exam.test.js",
              "file": "\\test\\exam.test.js",
              "beforeHooks": [],
              "afterHooks": [],
              "tests": [
                {
                  "title": "debería devolver true para un número impar",
                  "fullTitle": "Pruebas de funciones con variables simuladas esImpar debería devolver true para un número impar",
                  "timedOut": false,
                  "duration": 0,
                  "state": "passed",
                  "speed": "fast",
                  "pass": true,
                  "fail": false,
                  "pending": false,
                  "context": null,
                  "code": "const resultado = await exam.esImpar(5);\nexpect(resultado).to.be.true;",
                  "err": {},
                  "uuid": "d30ca81a-bd4e-412c-afea-1bc404ecce84",
                  "parentUUID": "f24a4d4a-9feb-4460-befa-25fcfc695d4b",
                  "isHook": false,
                  "skipped": false
                },
                {
                  "title": "debería devolver false para un número par",
                  "fullTitle": "Pruebas de funciones con variables simuladas esImpar debería devolver false para un número par",
                  "timedOut": false,
                  "duration": 0,
                  "state": "passed",
                  "speed": "fast",
                  "pass": true,
                  "fail": false,
                  "pending": false,
                  "context": null,
                  "code": "const resultado = await exam.esImpar(4);\nexpect(resultado).to.be.false;",
                  "err": {},
                  "uuid": "53312d52-3ce5-4512-bca7-c59e2efdca4f",
                  "parentUUID": "f24a4d4a-9feb-4460-befa-25fcfc695d4b",
                  "isHook": false,
                  "skipped": false
                }
              ],
              "suites": [],
              "passes": [
                "d30ca81a-bd4e-412c-afea-1bc404ecce84",
                "53312d52-3ce5-4512-bca7-c59e2efdca4f"
              ],
              "failures": [],
              "pending": [],
              "skipped": [],
              "duration": 0,
              "root": false,
              "rootEmpty": false,
              "_timeout": 2000
            },
            {
              "uuid": "daf29192-29f5-4ab0-8c9f-c46cfc60dd1c",
              "title": "obtenerUltimoElemento",
              "fullFile": "C:\\Users\\karls junnior\\Downloads\\EMDS_exam\\test\\exam.test.js",
              "file": "\\test\\exam.test.js",
              "beforeHooks": [],
              "afterHooks": [],
              "tests": [
                {
                  "title": "debería devolver el penúltimo elemento de un arreglo",
                  "fullTitle": "Pruebas de funciones con variables simuladas obtenerUltimoElemento debería devolver el penúltimo elemento de un arreglo",
                  "timedOut": false,
                  "duration": 0,
                  "state": "passed",
                  "speed": "fast",
                  "pass": true,
                  "fail": false,
                  "pending": false,
                  "context": null,
                  "code": "const resultado = await exam.getPenultimoElemento([1, 2, 3, 4, 5]);\nexpect(resultado).to.equal(4);",
                  "err": {},
                  "uuid": "987aae2b-0869-4cc1-9593-a317e79a1773",
                  "parentUUID": "daf29192-29f5-4ab0-8c9f-c46cfc60dd1c",
                  "isHook": false,
                  "skipped": false
                },
                {
                  "title": "debería devolver null si el arreglo tiene menos de 2 elementos",
                  "fullTitle": "Pruebas de funciones con variables simuladas obtenerUltimoElemento debería devolver null si el arreglo tiene menos de 2 elementos",
                  "timedOut": false,
                  "duration": 1,
                  "state": "passed",
                  "speed": "fast",
                  "pass": true,
                  "fail": false,
                  "pending": false,
                  "context": null,
                  "code": "const resultado = await exam.getPenultimoElemento([1]);\nexpect(resultado).to.be.null;",
                  "err": {},
                  "uuid": "78926876-3c3f-41c0-9310-d19a75343bda",
                  "parentUUID": "daf29192-29f5-4ab0-8c9f-c46cfc60dd1c",
                  "isHook": false,
                  "skipped": false
                },
                {
                  "title": "debería devolver null si el arreglo tiene más de 6 elementos",
                  "fullTitle": "Pruebas de funciones con variables simuladas obtenerUltimoElemento debería devolver null si el arreglo tiene más de 6 elementos",
                  "timedOut": false,
                  "duration": 0,
                  "state": "passed",
                  "speed": "fast",
                  "pass": true,
                  "fail": false,
                  "pending": false,
                  "context": null,
                  "code": "const resultado = await exam.getPenultimoElemento([1, 2, 3, 4, 5, 6, 7]);\nexpect(resultado).to.be.null;",
                  "err": {},
                  "uuid": "154cd305-71f2-4412-8df6-d8ecf08d3ed6",
                  "parentUUID": "daf29192-29f5-4ab0-8c9f-c46cfc60dd1c",
                  "isHook": false,
                  "skipped": false
                }
              ],
              "suites": [],
              "passes": [
                "987aae2b-0869-4cc1-9593-a317e79a1773",
                "78926876-3c3f-41c0-9310-d19a75343bda",
                "154cd305-71f2-4412-8df6-d8ecf08d3ed6"
              ],
              "failures": [],
              "pending": [],
              "skipped": [],
              "duration": 1,
              "root": false,
              "rootEmpty": false,
              "_timeout": 2000
            },
            {
              "uuid": "c9bbcbbb-8151-4716-bb35-88c5c556f305",
              "title": "FormatoTitulo",
              "fullFile": "C:\\Users\\karls junnior\\Downloads\\EMDS_exam\\test\\exam.test.js",
              "file": "\\test\\exam.test.js",
              "beforeHooks": [],
              "afterHooks": [],
              "tests": [
                {
                  "title": "debería convertir una cadena en minúsculas a formato título",
                  "fullTitle": "Pruebas de funciones con variables simuladas FormatoTitulo debería convertir una cadena en minúsculas a formato título",
                  "timedOut": false,
                  "duration": 0,
                  "state": "passed",
                  "speed": "fast",
                  "pass": true,
                  "fail": false,
                  "pending": false,
                  "context": null,
                  "code": "const resultado = await exam.aFormatoTitulo('hola mundo');\nexpect(resultado).to.equal('Hola Mundo');",
                  "err": {},
                  "uuid": "8d2da047-990a-4932-aa4a-095d9225e869",
                  "parentUUID": "c9bbcbbb-8151-4716-bb35-88c5c556f305",
                  "isHook": false,
                  "skipped": false
                },
                {
                  "title": "debería convertir una cadena con mezcla de mayúsculas y minúsculas a formato título",
                  "fullTitle": "Pruebas de funciones con variables simuladas FormatoTitulo debería convertir una cadena con mezcla de mayúsculas y minúsculas a formato título",
                  "timedOut": false,
                  "duration": 0,
                  "state": "passed",
                  "speed": "fast",
                  "pass": true,
                  "fail": false,
                  "pending": false,
                  "context": null,
                  "code": "const resultado = await exam.aFormatoTitulo('HOLA MuNdO');\nexpect(resultado).to.equal('Hola Mundo');",
                  "err": {},
                  "uuid": "03e67a6a-101c-4184-a7d2-682ce86973b3",
                  "parentUUID": "c9bbcbbb-8151-4716-bb35-88c5c556f305",
                  "isHook": false,
                  "skipped": false
                }
              ],
              "suites": [],
              "passes": [
                "8d2da047-990a-4932-aa4a-095d9225e869",
                "03e67a6a-101c-4184-a7d2-682ce86973b3"
              ],
              "failures": [],
              "pending": [],
              "skipped": [],
              "duration": 0,
              "root": false,
              "rootEmpty": false,
              "_timeout": 2000
            },
            {
              "uuid": "6eec2cc8-cb00-4324-8807-f008e803e191",
              "title": "FiltrarImpares",
              "fullFile": "C:\\Users\\karls junnior\\Downloads\\EMDS_exam\\test\\exam.test.js",
              "file": "\\test\\exam.test.js",
              "beforeHooks": [],
              "afterHooks": [],
              "tests": [
                {
                  "title": "debería devolver un arreglo con números impares",
                  "fullTitle": "Pruebas de funciones con variables simuladas FiltrarImpares debería devolver un arreglo con números impares",
                  "timedOut": false,
                  "duration": 0,
                  "state": "passed",
                  "speed": "fast",
                  "pass": true,
                  "fail": false,
                  "pending": false,
                  "context": null,
                  "code": "const resultado = await exam.filtrarImpares([1, 2, 3, 4, 5]);\nexpect(resultado).to.deep.equal([1, 3, 5]);",
                  "err": {},
                  "uuid": "807668c0-6d57-4d29-8748-a4449e42c410",
                  "parentUUID": "6eec2cc8-cb00-4324-8807-f008e803e191",
                  "isHook": false,
                  "skipped": false
                },
                {
                  "title": "debería devolver un mensaje si no hay números impares en el arreglo",
                  "fullTitle": "Pruebas de funciones con variables simuladas FiltrarImpares debería devolver un mensaje si no hay números impares en el arreglo",
                  "timedOut": false,
                  "duration": 1,
                  "state": "passed",
                  "speed": "fast",
                  "pass": true,
                  "fail": false,
                  "pending": false,
                  "context": null,
                  "code": "const resultado = await exam.filtrarImpares([2, 4, 6]);\nexpect(resultado).to.equal('No hay números impares en el arreglo.');",
                  "err": {},
                  "uuid": "215963f1-2028-45ff-9a22-15979879a829",
                  "parentUUID": "6eec2cc8-cb00-4324-8807-f008e803e191",
                  "isHook": false,
                  "skipped": false
                },
                {
                  "title": "debería devolver null si el arreglo está vacío",
                  "fullTitle": "Pruebas de funciones con variables simuladas FiltrarImpares debería devolver null si el arreglo está vacío",
                  "timedOut": false,
                  "duration": 1,
                  "state": "passed",
                  "speed": "fast",
                  "pass": true,
                  "fail": false,
                  "pending": false,
                  "context": null,
                  "code": "const resultado = await exam.filtrarImpares([]);\nexpect(resultado).to.be.null;",
                  "err": {},
                  "uuid": "3705c62b-f091-4814-8135-315536447de4",
                  "parentUUID": "6eec2cc8-cb00-4324-8807-f008e803e191",
                  "isHook": false,
                  "skipped": false
                }
              ],
              "suites": [],
              "passes": [
                "807668c0-6d57-4d29-8748-a4449e42c410",
                "215963f1-2028-45ff-9a22-15979879a829",
                "3705c62b-f091-4814-8135-315536447de4"
              ],
              "failures": [],
              "pending": [],
              "skipped": [],
              "duration": 2,
              "root": false,
              "rootEmpty": false,
              "_timeout": 2000
            }
          ],
          "passes": [],
          "failures": [],
          "pending": [],
          "skipped": [],
          "duration": 0,
          "root": false,
          "rootEmpty": false,
          "_timeout": 2000
        }
      ],
      "passes": [],
      "failures": [],
      "pending": [],
      "skipped": [],
      "duration": 0,
      "root": true,
      "rootEmpty": true,
      "_timeout": 2000
    }
  ],
  "meta": {
    "mocha": {
      "version": "10.8.2"
    },
    "mochawesome": {
      "options": {
        "quiet": false,
        "reportFilename": "mochawesome",
        "saveHtml": true,
        "saveJson": true,
        "consoleReporter": "spec",
        "useInlineDiffs": false,
        "code": true
      },
      "version": "7.1.3"
    },
    "marge": {
      "options": null,
      "version": "6.2.0"
    }
  }
}